# JRE version: OpenJDK Runtime Environment Temurin-17.0.16+8 (17.0.16+8) (build 17.0.16+8)
# Java VM: OpenJDK 64-Bit Server VM Temurin-17.0.16+8 (17.0.16+8, mixed mode, emulated-client, sharing, tiered, compressed oops, compressed class ptrs, g1 gc, windows-amd64)
GC Precious Log:
 CPUs: 8 total, 8 available
 Memory: 6030M
 Large Page Support: Disabled
 NUMA Support: Disabled
 Compressed Oops: Enabled (32-bit)
 Heap Region Size: 1M
 Heap Min Capacity: 8M
 Heap Initial Capacity: 96M
 Heap Max Capacity: 1508M
 Pre-touch: Disabled
 Parallel Workers: 8
 Concurrent Workers: 2
 Concurrent Refinement Workers: 8
 Periodic GC: Disabled
Heap:
 garbage-first heap   total 98304K, used 48979K [0x00000000a1c00000, 0x0000000100000000)
  region size 1024K, 2 young (2048K), 2 survivors (2048K)
 Metaspace       used 59346K, committed 59904K, reserved 1114112K
  class space    used 8811K, committed 9024K, reserved 1048576K
GC Heap History (20 events):
Event: 6.892 GC heap after
{Heap after GC invocations=6 (full 0):
 garbage-first heap   total 58368K, used 18259K [0x00000000a1c00000, 0x0000000100000000)
  region size 1024K, 4 young (4096K), 4 survivors (4096K)
 Metaspace       used 25984K, committed 26432K, reserved 1114112K
  class space    used 3817K, committed 4032K, reserved 1048576K
}
Event: 8.154 GC heap before
{Heap before GC invocations=6 (full 0):
 garbage-first heap   total 58368K, used 41811K [0x00000000a1c00000, 0x0000000100000000)
  region size 1024K, 27 young (27648K), 4 survivors (4096K)
 Metaspace       used 31246K, committed 31680K, reserved 1114112K
  class space    used 4483K, committed 4672K, reserved 1048576K
}
Event: 8.170 GC heap after
{Heap after GC invocations=7 (full 0):
 garbage-first heap   total 58368K, used 20168K [0x00000000a1c00000, 0x0000000100000000)
  region size 1024K, 2 young (2048K), 2 survivors (2048K)
 Metaspace       used 31246K, committed 31680K, reserved 1114112K
  class space    used 4483K, committed 4672K, reserved 1048576K
}
Event: 8.800 GC heap before
{Heap before GC invocations=7 (full 0):
 garbage-first heap   total 58368K, used 38600K [0x00000000a1c00000, 0x0000000100000000)
  region size 1024K, 21 young (21504K), 2 survivors (2048K)
 Metaspace       used 35491K, committed 35968K, reserved 1114112K
  class space    used 5200K, committed 5440K, reserved 1048576K
}
Event: 8.809 GC heap after
{Heap after GC invocations=8 (full 0):
 garbage-first heap   total 58368K, used 21247K [0x00000000a1c00000, 0x0000000100000000)
  region size 1024K, 1 young (1024K), 1 survivors (1024K)
 Metaspace       used 35491K, committed 35968K, reserved 1114112K
  class space    used 5200K, committed 5440K, reserved 1048576K
}
Event: 9.768 GC heap before
{Heap before GC invocations=9 (full 0):
 garbage-first heap   total 58368K, used 44799K [0x00000000a1c00000, 0x0000000100000000)
  region size 1024K, 24 young (24576K), 1 survivors (1024K)
 Metaspace       used 41660K, committed 42112K, reserved 1114112K
  class space    used 6040K, committed 6272K, reserved 1048576K
}
Event: 9.779 GC heap after
{Heap after GC invocations=10 (full 0):
 garbage-first heap   total 58368K, used 22709K [0x00000000a1c00000, 0x0000000100000000)
  region size 1024K, 3 young (3072K), 3 survivors (3072K)
 Metaspace       used 41660K, committed 42112K, reserved 1114112K
  class space    used 6040K, committed 6272K, reserved 1048576K
}
Event: 10.352 GC heap before
{Heap before GC invocations=10 (full 0):
 garbage-first heap   total 58368K, used 43189K [0x00000000a1c00000, 0x0000000100000000)
  region size 1024K, 24 young (24576K), 3 survivors (3072K)
 Metaspace       used 46633K, committed 47104K, reserved 1114112K
  class space    used 6805K, committed 7040K, reserved 1048576K
}
Event: 10.360 GC heap after
{Heap after GC invocations=11 (full 0):
 garbage-first heap   total 70656K, used 23910K [0x00000000a1c00000, 0x0000000100000000)
  region size 1024K, 2 young (2048K), 2 survivors (2048K)
 Metaspace       used 46633K, committed 47104K, reserved 1114112K
  class space    used 6805K, committed 7040K, reserved 1048576K
}
Event: 11.234 GC heap before
{Heap before GC invocations=11 (full 0):
 garbage-first heap   total 70656K, used 54630K [0x00000000a1c00000, 0x0000000100000000)
  region size 1024K, 32 young (32768K), 2 survivors (2048K)
 Metaspace       used 53124K, committed 53632K, reserved 1114112K
  class space    used 7828K, committed 8064K, reserved 1048576K
}
Event: 11.240 GC heap after
{Heap after GC invocations=12 (full 0):
 garbage-first heap   total 70656K, used 24976K [0x00000000a1c00000, 0x0000000100000000)
  region size 1024K, 3 young (3072K), 3 survivors (3072K)
 Metaspace       used 53124K, committed 53632K, reserved 1114112K
  class space    used 7828K, committed 8064K, reserved 1048576K
}
Event: 12.382 GC heap before
{Heap before GC invocations=12 (full 0):
 garbage-first heap   total 70656K, used 55696K [0x00000000a1c00000, 0x0000000100000000)
  region size 1024K, 33 young (33792K), 3 survivors (3072K)
 Metaspace       used 59305K, committed 59840K, reserved 1114112K
  class space    used 8804K, committed 9024K, reserved 1048576K
}
Event: 12.393 GC heap after
{Heap after GC invocations=13 (full 0):
 garbage-first heap   total 70656K, used 27547K [0x00000000a1c00000, 0x0000000100000000)
  region size 1024K, 5 young (5120K), 5 survivors (5120K)
 Metaspace       used 59305K, committed 59840K, reserved 1114112K
  class space    used 8804K, committed 9024K, reserved 1048576K
}
Event: 12.480 GC heap before
{Heap before GC invocations=13 (full 0):
 garbage-first heap   total 70656K, used 55195K [0x00000000a1c00000, 0x0000000100000000)
  region size 1024K, 32 young (32768K), 5 survivors (5120K)
 Metaspace       used 59346K, committed 59904K, reserved 1114112K
  class space    used 8811K, committed 9024K, reserved 1048576K
}
Event: 12.500 GC heap after
{Heap after GC invocations=14 (full 0):
 garbage-first heap   total 70656K, used 33400K [0x00000000a1c00000, 0x0000000100000000)
  region size 1024K, 4 young (4096K), 4 survivors (4096K)
 Metaspace       used 59346K, committed 59904K, reserved 1114112K
  class space    used 8811K, committed 9024K, reserved 1048576K
}
Event: 12.564 GC heap before
{Heap before GC invocations=14 (full 0):
 garbage-first heap   total 70656K, used 52856K [0x00000000a1c00000, 0x0000000100000000)
  region size 1024K, 23 young (23552K), 4 survivors (4096K)
 Metaspace       used 59346K, committed 59904K, reserved 1114112K
  class space    used 8811K, committed 9024K, reserved 1048576K
}
Event: 12.587 GC heap after
{Heap after GC invocations=15 (full 0):
 garbage-first heap   total 70656K, used 40496K [0x00000000a1c00000, 0x0000000100000000)
  region size 1024K, 3 young (3072K), 3 survivors (3072K)
 Metaspace       used 59346K, committed 59904K, reserved 1114112K
  class space    used 8811K, committed 9024K, reserved 1048576K
}
Event: 12.627 GC heap before
{Heap before GC invocations=15 (full 0):
 garbage-first heap   total 70656K, used 52784K [0x00000000a1c00000, 0x0000000100000000)
  region size 1024K, 15 young (15360K), 3 survivors (3072K)
 Metaspace       used 59346K, committed 59904K, reserved 1114112K
  class space    used 8811K, committed 9024K, reserved 1048576K
}
Event: 12.643 GC heap after
{Heap after GC invocations=16 (full 0):
 garbage-first heap   total 70656K, used 44883K [0x00000000a1c00000, 0x0000000100000000)
  region size 1024K, 2 young (2048K), 2 survivors (2048K)
 Metaspace       used 59346K, committed 59904K, reserved 1114112K
  class space    used 8811K, committed 9024K, reserved 1048576K
}
Event: 12.707 GC heap before
{Heap before GC invocations=16 (full 0):
 garbage-first heap   total 91136K, used 55123K [0x00000000a1c00000, 0x0000000100000000)
  region size 1024K, 11 young (11264K), 2 survivors (2048K)
 Metaspace       used 59346K, committed 59904K, reserved 1114112K
  class space    used 8811K, committed 9024K, reserved 1048576K
}

