# JRE version: OpenJDK Runtime Environment Temurin-17.0.16+8 (17.0.16+8) (build 17.0.16+8)
# Java VM: OpenJDK 64-Bit Server VM Temurin-17.0.16+8 (17.0.16+8, mixed mode, emulated-client, sharing, tiered, compressed oops, compressed class ptrs, g1 gc, windows-amd64)
GC Precious Log:
 CPUs: 8 total, 8 available
 Memory: 6030M
 Large Page Support: Disabled
 NUMA Support: Disabled
 Compressed Oops: Enabled (32-bit)
 Heap Region Size: 1M
 Heap Min Capacity: 8M
 Heap Initial Capacity: 96M
 Heap Max Capacity: 1508M
 Pre-touch: Disabled
 Parallel Workers: 8
 Concurrent Workers: 2
 Concurrent Refinement Workers: 8
 Periodic GC: Disabled
Heap:
 garbage-first heap   total 141312K, used 77397K [0x00000000a1c00000, 0x0000000100000000)
  region size 1024K, 5 young (5120K), 5 survivors (5120K)
 Metaspace       used 60699K, committed 61248K, reserved 1114112K
  class space    used 9188K, committed 9408K, reserved 1048576K
GC Heap History (20 events):
Event: 7.819 GC heap after
{Heap after GC invocations=11 (full 0):
 garbage-first heap   total 70656K, used 22797K [0x00000000a1c00000, 0x0000000100000000)
  region size 1024K, 3 young (3072K), 3 survivors (3072K)
 Metaspace       used 43265K, committed 43776K, reserved 1114112K
  class space    used 6233K, committed 6464K, reserved 1048576K
}
Event: 10.276 GC heap before
{Heap before GC invocations=11 (full 0):
 garbage-first heap   total 70656K, used 53517K [0x00000000a1c00000, 0x0000000100000000)
  region size 1024K, 34 young (34816K), 3 survivors (3072K)
 Metaspace       used 50482K, committed 51008K, reserved 1114112K
  class space    used 7410K, committed 7680K, reserved 1048576K
}
Event: 10.288 GC heap after
{Heap after GC invocations=12 (full 0):
 garbage-first heap   total 70656K, used 24331K [0x00000000a1c00000, 0x0000000100000000)
  region size 1024K, 4 young (4096K), 4 survivors (4096K)
 Metaspace       used 50482K, committed 51008K, reserved 1114112K
  class space    used 7410K, committed 7680K, reserved 1048576K
}
Event: 11.869 GC heap before
{Heap before GC invocations=12 (full 0):
 garbage-first heap   total 70656K, used 56075K [0x00000000a1c00000, 0x0000000100000000)
  region size 1024K, 35 young (35840K), 4 survivors (4096K)
 Metaspace       used 57279K, committed 57856K, reserved 1114112K
  class space    used 8372K, committed 8640K, reserved 1048576K
}
Event: 11.882 GC heap after
{Heap after GC invocations=13 (full 0):
 garbage-first heap   total 70656K, used 26144K [0x00000000a1c00000, 0x0000000100000000)
  region size 1024K, 4 young (4096K), 4 survivors (4096K)
 Metaspace       used 57279K, committed 57856K, reserved 1114112K
  class space    used 8372K, committed 8640K, reserved 1048576K
}
Event: 12.464 GC heap before
{Heap before GC invocations=13 (full 0):
 garbage-first heap   total 70656K, used 54816K [0x00000000a1c00000, 0x0000000100000000)
  region size 1024K, 32 young (32768K), 4 survivors (4096K)
 Metaspace       used 59345K, committed 59904K, reserved 1114112K
  class space    used 8811K, committed 9024K, reserved 1048576K
}
Event: 12.486 GC heap after
{Heap after GC invocations=14 (full 0):
 garbage-first heap   total 70656K, used 29866K [0x00000000a1c00000, 0x0000000100000000)
  region size 1024K, 4 young (4096K), 4 survivors (4096K)
 Metaspace       used 59345K, committed 59904K, reserved 1114112K
  class space    used 8811K, committed 9024K, reserved 1048576K
}
Event: 12.589 GC heap before
{Heap before GC invocations=14 (full 0):
 garbage-first heap   total 70656K, used 53418K [0x00000000a1c00000, 0x0000000100000000)
  region size 1024K, 28 young (28672K), 4 survivors (4096K)
 Metaspace       used 59345K, committed 59904K, reserved 1114112K
  class space    used 8811K, committed 9024K, reserved 1048576K
}
Event: 12.618 GC heap after
{Heap after GC invocations=15 (full 0):
 garbage-first heap   total 70656K, used 38403K [0x00000000a1c00000, 0x0000000100000000)
  region size 1024K, 4 young (4096K), 4 survivors (4096K)
 Metaspace       used 59345K, committed 59904K, reserved 1114112K
  class space    used 8811K, committed 9024K, reserved 1048576K
}
Event: 12.666 GC heap before
{Heap before GC invocations=15 (full 0):
 garbage-first heap   total 70656K, used 53763K [0x00000000a1c00000, 0x0000000100000000)
  region size 1024K, 19 young (19456K), 4 survivors (4096K)
 Metaspace       used 59346K, committed 59904K, reserved 1114112K
  class space    used 8811K, committed 9024K, reserved 1048576K
}
Event: 12.688 GC heap after
{Heap after GC invocations=16 (full 0):
 garbage-first heap   total 141312K, used 44544K [0x00000000a1c00000, 0x0000000100000000)
  region size 1024K, 3 young (3072K), 3 survivors (3072K)
 Metaspace       used 59346K, committed 59904K, reserved 1114112K
  class space    used 8811K, committed 9024K, reserved 1048576K
}
Event: 12.917 GC heap before
{Heap before GC invocations=17 (full 0):
 garbage-first heap   total 141312K, used 92672K [0x00000000a1c00000, 0x0000000100000000)
  region size 1024K, 49 young (50176K), 3 survivors (3072K)
 Metaspace       used 59346K, committed 59904K, reserved 1114112K
  class space    used 8811K, committed 9024K, reserved 1048576K
}
Event: 12.958 GC heap after
{Heap after GC invocations=18 (full 0):
 garbage-first heap   total 141312K, used 61881K [0x00000000a1c00000, 0x0000000100000000)
  region size 1024K, 7 young (7168K), 7 survivors (7168K)
 Metaspace       used 59346K, committed 59904K, reserved 1114112K
  class space    used 8811K, committed 9024K, reserved 1048576K
}
Event: 12.962 GC heap before
{Heap before GC invocations=18 (full 0):
 garbage-first heap   total 141312K, used 62905K [0x00000000a1c00000, 0x0000000100000000)
  region size 1024K, 8 young (8192K), 7 survivors (7168K)
 Metaspace       used 59346K, committed 59904K, reserved 1114112K
  class space    used 8811K, committed 9024K, reserved 1048576K
}
Event: 12.995 GC heap after
{Heap after GC invocations=19 (full 0):
 garbage-first heap   total 141312K, used 63488K [0x00000000a1c00000, 0x0000000100000000)
  region size 1024K, 1 young (1024K), 1 survivors (1024K)
 Metaspace       used 59346K, committed 59904K, reserved 1114112K
  class space    used 8811K, committed 9024K, reserved 1048576K
}
Event: 13.187 GC heap before
{Heap before GC invocations=19 (full 0):
 garbage-first heap   total 141312K, used 98304K [0x00000000a1c00000, 0x0000000100000000)
  region size 1024K, 35 young (35840K), 1 survivors (1024K)
 Metaspace       used 59346K, committed 59904K, reserved 1114112K
  class space    used 8811K, committed 9024K, reserved 1048576K
}
Event: 13.191 GC heap after
{Heap after GC invocations=20 (full 0):
 garbage-first heap   total 141312K, used 63347K [0x00000000a1c00000, 0x0000000100000000)
  region size 1024K, 1 young (1024K), 1 survivors (1024K)
 Metaspace       used 59346K, committed 59904K, reserved 1114112K
  class space    used 8811K, committed 9024K, reserved 1048576K
}
Event: 13.603 GC heap before
{Heap before GC invocations=20 (full 0):
 garbage-first heap   total 141312K, used 101235K [0x00000000a1c00000, 0x0000000100000000)
  region size 1024K, 38 young (38912K), 1 survivors (1024K)
 Metaspace       used 60691K, committed 61248K, reserved 1114112K
  class space    used 9188K, committed 9408K, reserved 1048576K
}
Event: 13.622 GC heap after
{Heap after GC invocations=21 (full 0):
 garbage-first heap   total 141312K, used 71082K [0x00000000a1c00000, 0x0000000100000000)
  region size 1024K, 5 young (5120K), 5 survivors (5120K)
 Metaspace       used 60691K, committed 61248K, reserved 1114112K
  class space    used 9188K, committed 9408K, reserved 1048576K
}
Event: 13.779 GC heap before
{Heap before GC invocations=21 (full 0):
 garbage-first heap   total 141312K, used 103850K [0x00000000a1c00000, 0x0000000100000000)
  region size 1024K, 37 young (37888K), 5 survivors (5120K)
 Metaspace       used 60699K, committed 61248K, reserved 1114112K
  class space    used 9188K, committed 9408K, reserved 1048576K
}

